# JRE version: Java(TM) SE Runtime Environment (8.0_131-b11) (build 1.8.0_131-b11)
# Java VM: Java HotSpot(TM) Client VM (25.131-b11 mixed mode windows-x86 )
Heap:
 par new generation   total 4928K, used 1928K [0x05c00000, 0x06150000, 0x106a0000)
  eden space 4416K,  43% used [0x05c00000, 0x05ddeba8, 0x06050000)
  from space 512K,   2% used [0x060d0000, 0x060d3810, 0x06150000)
  to   space 512K,   0% used [0x06050000, 0x06050000, 0x060d0000)
 concurrent mark-sweep generation total 80020K, used 33474K [0x106a0000, 0x154c5000, 0x25c00000)
 Metaspace       used 14893K, capacity 15163K, committed 15360K, reserved 15744K
GC Heap History (10 events):
Event: 4.748 GC heap before
{Heap before GC invocations=218 (full 25):
 par new generation   total 4928K, used 4255K [0x05c00000, 0x06150000, 0x106a0000)
  eden space 4416K,  84% used [0x05c00000, 0x05fa7ca8, 0x06050000)
  from space 512K, 100% used [0x06050000, 0x060d0000, 0x060d0000)
  to   space 512K,   0% used [0x060d0000, 0x060d0000, 0x06150000)
 concurrent mark-sweep generation total 80020K, used 39674K [0x106a0000, 0x154c5000, 0x25c00000)
 Metaspace       used 14893K, capacity 15163K, committed 15360K, reserved 15744K
Event: 4.749 GC heap after
Heap after GC invocations=219 (full 25):
 par new generation   total 4928K, used 319K [0x05c00000, 0x06150000, 0x106a0000)
  eden space 4416K,   0% used [0x05c00000, 0x05c00000, 0x06050000)
  from space 512K,  62% used [0x060d0000, 0x0611ffb8, 0x06150000)
  to   space 512K,   0% used [0x06050000, 0x06050000, 0x060d0000)
 concurrent mark-sweep generation total 80020K, used 41885K [0x106a0000, 0x154c5000, 0x25c00000)
 Metaspace       used 14893K, capacity 15163K, committed 15360K, reserved 15744K
}
Event: 4.831 GC heap before
{Heap before GC invocations=219 (full 26):
 par new generation   total 4928K, used 4057K [0x05c00000, 0x06150000, 0x106a0000)
  eden space 4416K,  84% used [0x05c00000, 0x05fa64b8, 0x06050000)
  from space 512K,  62% used [0x060d0000, 0x0611ffb8, 0x06150000)
  to   space 512K,   0% used [0x06050000, 0x06050000, 0x060d0000)
 concurrent mark-sweep generation total 80020K, used 29850K [0x106a0000, 0x154c5000, 0x25c00000)
 Metaspace       used 14893K, capacity 15163K, committed 15360K, reserved 15744K
Event: 4.832 GC heap after
Heap after GC invocations=220 (full 26):
 par new generation   total 4928K, used 80K [0x05c00000, 0x06150000, 0x106a0000)
  eden space 4416K,   0% used [0x05c00000, 0x05c00000, 0x06050000)
  from space 512K,  15% used [0x06050000, 0x060641a0, 0x060d0000)
  to   space 512K,   0% used [0x060d0000, 0x060d0000, 0x06150000)
 concurrent mark-sweep generation total 80020K, used 31662K [0x106a0000, 0x154c5000, 0x25c00000)
 Metaspace       used 14893K, capacity 15163K, committed 15360K, reserved 15744K
}
Event: 4.914 GC heap before
{Heap before GC invocations=220 (full 26):
 par new generation   total 4928K, used 3826K [0x05c00000, 0x06150000, 0x106a0000)
  eden space 4416K,  84% used [0x05c00000, 0x05fa8828, 0x06050000)
  from space 512K,  15% used [0x06050000, 0x060641a0, 0x060d0000)
  to   space 512K,   0% used [0x060d0000, 0x060d0000, 0x06150000)
 concurrent mark-sweep generation total 80020K, used 31662K [0x106a0000, 0x154c5000, 0x25c00000)
 Metaspace       used 14893K, capacity 15163K, committed 15360K, reserved 15744K
Event: 4.915 GC heap after
Heap after GC invocations=221 (full 26):
 par new generation   total 4928K, used 20K [0x05c00000, 0x06150000, 0x106a0000)
  eden space 4416K,   0% used [0x05c00000, 0x05c00000, 0x06050000)
  from space 512K,   4% used [0x060d0000, 0x060d5218, 0x06150000)
  to   space 512K,   0% used [0x06050000, 0x06050000, 0x060d0000)
 concurrent mark-sweep generation total 80020K, used 33475K [0x106a0000, 0x154c5000, 0x25c00000)
 Metaspace       used 14893K, capacity 15163K, committed 15360K, reserved 15744K
}
Event: 4.996 GC heap before
{Heap before GC invocations=221 (full 27):
 par new generation   total 4928K, used 3758K [0x05c00000, 0x06150000, 0x106a0000)
  eden space 4416K,  84% used [0x05c00000, 0x05fa6810, 0x06050000)
  from space 512K,   4% used [0x060d0000, 0x060d5218, 0x06150000)
  to   space 512K,   0% used [0x06050000, 0x06050000, 0x060d0000)
 concurrent mark-sweep generation total 80020K, used 29849K [0x106a0000, 0x154c5000, 0x25c00000)
 Metaspace       used 14893K, capacity 15163K, committed 15360K, reserved 15744K
Event: 4.997 GC heap after
Heap after GC invocations=222 (full 27):
 par new generation   total 4928K, used 14K [0x05c00000, 0x06150000, 0x106a0000)
  eden space 4416K,   0% used [0x05c00000, 0x05c00000, 0x06050000)
  from space 512K,   2% used [0x06050000, 0x06053810, 0x060d0000)
  to   space 512K,   0% used [0x060d0000, 0x060d0000, 0x06150000)
 concurrent mark-sweep generation total 80020K, used 31662K [0x106a0000, 0x154c5000, 0x25c00000)
 Metaspace       used 14893K, capacity 15163K, committed 15360K, reserved 15744K
}
Event: 5.079 GC heap before
{Heap before GC invocations=222 (full 27):
 par new generation   total 4928K, used 3751K [0x05c00000, 0x06150000, 0x106a0000)
  eden space 4416K,  84% used [0x05c00000, 0x05fa66e8, 0x06050000)
  from space 512K,   2% used [0x06050000, 0x06053810, 0x060d0000)
  to   space 512K,   0% used [0x060d0000, 0x060d0000, 0x06150000)
 concurrent mark-sweep generation total 80020K, used 31662K [0x106a0000, 0x154c5000, 0x25c00000)
 Metaspace       used 14893K, capacity 15163K, committed 15360K, reserved 15744K
Event: 5.082 GC heap after
Heap after GC invocations=223 (full 27):
 par new generation   total 4928K, used 14K [0x05c00000, 0x06150000, 0x106a0000)
  eden space 4416K,   0% used [0x05c00000, 0x05c00000, 0x06050000)
  from space 512K,   2% used [0x060d0000, 0x060d3810, 0x06150000)
  to   space 512K,   0% used [0x06050000, 0x06050000, 0x060d0000)
 concurrent mark-sweep generation total 80020K, used 33474K [0x106a0000, 0x154c5000, 0x25c00000)
 Metaspace       used 14893K, capacity 15163K, committed 15360K, reserved 15744K
}

